-- Logs begin at Thu 2020-07-02 17:11:02 CEST, end at Fri 2020-07-03 13:19:49 CEST. --
júl 03 13:19:13 Zephyrus systemd[1]: Started ROG Core Daemon.
júl 03 13:19:13 Zephyrus rog-core[933380]: INFO: Product name: Zephyrus G GU502DU_GA502DU
júl 03 13:19:13 Zephyrus rog-core[933380]: INFO: Board name: GU502DU
júl 03 13:19:13 Zephyrus rog-core[933380]: thread 'main' panicked at 'Unsupported laptop, please request support at
júl 03 13:19:13 Zephyrus rog-core[933380]: https://github.com/flukejones/rog-core', rog-core/src/laptops.rs:89:9
júl 03 13:19:13 Zephyrus rog-core[933380]: note: run with `RUST_BACKTRACE=1` environment variable to display a backtrace
júl 03 13:19:13 Zephyrus systemd[1]: rog-core.service: Main process exited, code=dumped, status=6/ABRT
júl 03 13:19:13 Zephyrus systemd[1]: rog-core.service: Failed with result 'core-dump'.
júl 03 13:19:14 Zephyrus systemd[1]: rog-core.service: Scheduled restart job, restart counter is at 1.
júl 03 13:19:14 Zephyrus systemd[1]: Stopped ROG Core Daemon.
júl 03 13:19:14 Zephyrus systemd[1]: Started ROG Core Daemon.
júl 03 13:19:14 Zephyrus rog-core[933401]: INFO: Product name: Zephyrus G GU502DU_GA502DU
júl 03 13:19:14 Zephyrus rog-core[933401]: INFO: Board name: GU502DU
júl 03 13:19:14 Zephyrus rog-core[933401]: thread 'main' panicked at 'Unsupported laptop, please request support at
júl 03 13:19:14 Zephyrus rog-core[933401]: https://github.com/flukejones/rog-core', rog-core/src/laptops.rs:89:9
júl 03 13:19:14 Zephyrus rog-core[933401]: note: run with `RUST_BACKTRACE=1` environment variable to display a backtrace
júl 03 13:19:14 Zephyrus systemd[1]: rog-core.service: Main process exited, code=dumped, status=6/ABRT
júl 03 13:19:14 Zephyrus systemd[1]: rog-core.service: Failed with result 'core-dump'.
júl 03 13:19:14 Zephyrus systemd[1]: rog-core.service: Scheduled restart job, restart counter is at 2.
júl 03 13:19:14 Zephyrus systemd[1]: Stopped ROG Core Daemon.
júl 03 13:19:14 Zephyrus systemd[1]: Started ROG Core Daemon.
júl 03 13:19:14 Zephyrus rog-core[933420]: INFO: Product name: Zephyrus G GU502DU_GA502DU
júl 03 13:19:14 Zephyrus rog-core[933420]: INFO: Board name: GU502DU
júl 03 13:19:14 Zephyrus rog-core[933420]: thread 'main' panicked at 'Unsupported laptop, please request support at
júl 03 13:19:14 Zephyrus rog-core[933420]: https://github.com/flukejones/rog-core', rog-core/src/laptops.rs:89:9
júl 03 13:19:14 Zephyrus rog-core[933420]: note: run with `RUST_BACKTRACE=1` environment variable to display a backtrace
júl 03 13:19:15 Zephyrus systemd[1]: rog-core.service: Main process exited, code=dumped, status=6/ABRT
júl 03 13:19:15 Zephyrus systemd[1]: rog-core.service: Failed with result 'core-dump'.
júl 03 13:19:15 Zephyrus systemd[1]: rog-core.service: Scheduled restart job, restart counter is at 3.
júl 03 13:19:15 Zephyrus systemd[1]: Stopped ROG Core Daemon.
júl 03 13:19:15 Zephyrus systemd[1]: Started ROG Core Daemon.
júl 03 13:19:15 Zephyrus rog-core[933440]: INFO: Product name: Zephyrus G GU502DU_GA502DU
júl 03 13:19:15 Zephyrus rog-core[933440]: INFO: Board name: GU502DU
júl 03 13:19:15 Zephyrus rog-core[933440]: thread 'main' panicked at 'Unsupported laptop, please request support at
júl 03 13:19:15 Zephyrus rog-core[933440]: https://github.com/flukejones/rog-core', rog-core/src/laptops.rs:89:9
júl 03 13:19:15 Zephyrus rog-core[933440]: note: run with `RUST_BACKTRACE=1` environment variable to display a backtrace
júl 03 13:19:16 Zephyrus systemd[1]: rog-core.service: Main process exited, code=dumped, status=6/ABRT
júl 03 13:19:16 Zephyrus systemd[1]: rog-core.service: Failed with result 'core-dump'.
júl 03 13:19:16 Zephyrus systemd[1]: rog-core.service: Scheduled restart job, restart counter is at 4.
júl 03 13:19:16 Zephyrus systemd[1]: Stopped ROG Core Daemon.
júl 03 13:19:16 Zephyrus systemd[1]: Started ROG Core Daemon.
júl 03 13:19:16 Zephyrus rog-core[933457]: INFO: Product name: Zephyrus G GU502DU_GA502DU
júl 03 13:19:16 Zephyrus rog-core[933457]: INFO: Board name: GU502DU
júl 03 13:19:16 Zephyrus rog-core[933457]: thread 'main' panicked at 'Unsupported laptop, please request support at
júl 03 13:19:16 Zephyrus rog-core[933457]: https://github.com/flukejones/rog-core', rog-core/src/laptops.rs:89:9
júl 03 13:19:16 Zephyrus rog-core[933457]: note: run with `RUST_BACKTRACE=1` environment variable to display a backtrace
júl 03 13:19:17 Zephyrus systemd[1]: rog-core.service: Main process exited, code=dumped, status=6/ABRT
júl 03 13:19:17 Zephyrus systemd[1]: rog-core.service: Failed with result 'core-dump'.
júl 03 13:19:17 Zephyrus systemd[1]: rog-core.service: Scheduled restart job, restart counter is at 5.
júl 03 13:19:17 Zephyrus systemd[1]: Stopped ROG Core Daemon.
júl 03 13:19:17 Zephyrus systemd[1]: rog-core.service: Start request repeated too quickly.
júl 03 13:19:17 Zephyrus systemd[1]: rog-core.service: Failed with result 'core-dump'.
júl 03 13:19:17 Zephyrus systemd[1]: Failed to start ROG Core Daemon.
